<?xml version="1.0" encoding="UTF-8"?>
<testng-results ignored="0" total="27" passed="26" failed="1" skipped="0">
  <reporter-output>
  </reporter-output>
  <suite started-at="2025-03-25T17:23:13 IST" name="Suite" finished-at="2025-03-25T17:26:42 IST" duration-ms="208633">
    <groups>
    </groups>
    <test started-at="2025-03-25T17:23:13 IST" name="SmokeTest" finished-at="2025-03-25T17:26:42 IST" duration-ms="208633">
      <class name="test.TC_006DeleteContact">
        <test-method is-config="true" signature="setup()[pri:0, instance:test.TC_006DeleteContact@7bedc48a]" started-at="2025-03-25T17:23:13 IST" name="setup" finished-at="2025-03-25T17:23:13 IST" duration-ms="0" status="PASS">
          <reporter-output>
          </reporter-output>
        </test-method> <!-- setup -->
        <test-method is-config="true" signature="testDetails()[pri:0, instance:test.TC_006DeleteContact@7bedc48a]" started-at="2025-03-25T17:26:24 IST" name="testDetails" finished-at="2025-03-25T17:26:24 IST" duration-ms="0" status="PASS">
          <reporter-output>
          </reporter-output>
        </test-method> <!-- testDetails -->
        <test-method is-config="true" signature="LaunchBrowser(java.lang.String,java.lang.String)[pri:0, instance:test.TC_006DeleteContact@7bedc48a]" started-at="2025-03-25T17:26:25 IST" name="LaunchBrowser" finished-at="2025-03-25T17:26:28 IST" duration-ms="3677" status="PASS">
          <params>
            <param index="0">
              <value>
                <![CDATA[https://thinking-tester-contact-list.herokuapp.com/]]>
              </value>
            </param>
            <param index="1">
              <value>
                <![CDATA[Chrome]]>
              </value>
            </param>
          </params>
          <reporter-output>
          </reporter-output>
        </test-method> <!-- LaunchBrowser -->
        <test-method signature="Contact(java.lang.String,java.lang.String,java.lang.String,java.lang.String,java.lang.String,java.lang.String,java.lang.String,java.lang.String,java.lang.String,java.lang.String,java.lang.String)[pri:0, instance:test.TC_006DeleteContact@7bedc48a]" started-at="2025-03-25T17:26:28 IST" name="Contact" data-provider="readdata" finished-at="2025-03-25T17:26:35 IST" duration-ms="6880" status="PASS">
          <params>
            <param index="0">
              <value>
                <![CDATA[washim]]>
              </value>
            </param>
            <param index="1">
              <value>
                <![CDATA[bhai]]>
              </value>
            </param>
            <param index="2">
              <value>
                <![CDATA[]]>
              </value>
            </param>
            <param index="3">
              <value>
                <![CDATA[]]>
              </value>
            </param>
            <param index="4">
              <value>
                <![CDATA[]]>
              </value>
            </param>
            <param index="5">
              <value>
                <![CDATA[11th main]]>
              </value>
            </param>
            <param index="6">
              <value>
                <![CDATA[hebbal]]>
              </value>
            </param>
            <param index="7">
              <value>
                <![CDATA[chennai]]>
              </value>
            </param>
            <param index="8">
              <value>
                <![CDATA[tamilnadu]]>
              </value>
            </param>
            <param index="9">
              <value>
                <![CDATA[43677]]>
              </value>
            </param>
            <param index="10">
              <value>
                <![CDATA[india]]>
              </value>
            </param>
          </params>
          <reporter-output>
          </reporter-output>
        </test-method> <!-- Contact -->
      </class> <!-- test.TC_006DeleteContact -->
      <class name="test.TC_005EditContact">
        <test-method is-config="true" signature="setup()[pri:0, instance:test.TC_005EditContact@6c40365c]" started-at="2025-03-25T17:23:13 IST" name="setup" finished-at="2025-03-25T17:23:13 IST" duration-ms="0" status="PASS">
          <reporter-output>
          </reporter-output>
        </test-method> <!-- setup -->
        <test-method is-config="true" signature="testDetails()[pri:0, instance:test.TC_005EditContact@6c40365c]" started-at="2025-03-25T17:26:12 IST" name="testDetails" finished-at="2025-03-25T17:26:12 IST" duration-ms="4" status="PASS">
          <reporter-output>
          </reporter-output>
        </test-method> <!-- testDetails -->
        <test-method is-config="true" signature="LaunchBrowser(java.lang.String,java.lang.String)[pri:0, instance:test.TC_005EditContact@6c40365c]" started-at="2025-03-25T17:26:12 IST" name="LaunchBrowser" finished-at="2025-03-25T17:26:16 IST" duration-ms="3734" status="PASS">
          <params>
            <param index="0">
              <value>
                <![CDATA[https://thinking-tester-contact-list.herokuapp.com/]]>
              </value>
            </param>
            <param index="1">
              <value>
                <![CDATA[Chrome]]>
              </value>
            </param>
          </params>
          <reporter-output>
          </reporter-output>
        </test-method> <!-- LaunchBrowser -->
        <test-method signature="EditContact(java.lang.String,java.lang.String,java.lang.String,java.lang.String,java.lang.String,java.lang.String,java.lang.String,java.lang.String,java.lang.String,java.lang.String,java.lang.String)[pri:0, instance:test.TC_005EditContact@6c40365c]" started-at="2025-03-25T17:26:16 IST" name="EditContact" data-provider="readdata" finished-at="2025-03-25T17:26:24 IST" duration-ms="8635" status="PASS">
          <params>
            <param index="0">
              <value>
                <![CDATA[washim]]>
              </value>
            </param>
            <param index="1">
              <value>
                <![CDATA[bhai]]>
              </value>
            </param>
            <param index="2">
              <value>
                <![CDATA[2005-04-03]]>
              </value>
            </param>
            <param index="3">
              <value>
                <![CDATA[]]>
              </value>
            </param>
            <param index="4">
              <value>
                <![CDATA[]]>
              </value>
            </param>
            <param index="5">
              <value>
                <![CDATA[11th main]]>
              </value>
            </param>
            <param index="6">
              <value>
                <![CDATA[hebbal]]>
              </value>
            </param>
            <param index="7">
              <value>
                <![CDATA[chennai]]>
              </value>
            </param>
            <param index="8">
              <value>
                <![CDATA[tamilnadu]]>
              </value>
            </param>
            <param index="9">
              <value>
                <![CDATA[43677]]>
              </value>
            </param>
            <param index="10">
              <value>
                <![CDATA[india]]>
              </value>
            </param>
          </params>
          <reporter-output>
          </reporter-output>
        </test-method> <!-- EditContact -->
      </class> <!-- test.TC_005EditContact -->
      <class name="test.TC_003ContactListTest">
        <test-method is-config="true" signature="setup()[pri:0, instance:test.TC_003ContactListTest@77f1baf5]" started-at="2025-03-25T17:23:13 IST" name="setup" finished-at="2025-03-25T17:23:13 IST" duration-ms="1" status="PASS">
          <reporter-output>
          </reporter-output>
        </test-method> <!-- setup -->
        <test-method is-config="true" signature="testDetails()[pri:0, instance:test.TC_003ContactListTest@77f1baf5]" started-at="2025-03-25T17:23:43 IST" name="testDetails" finished-at="2025-03-25T17:23:43 IST" duration-ms="2" status="PASS">
          <reporter-output>
          </reporter-output>
        </test-method> <!-- testDetails -->
        <test-method is-config="true" signature="LaunchBrowser(java.lang.String,java.lang.String)[pri:0, instance:test.TC_003ContactListTest@77f1baf5]" started-at="2025-03-25T17:23:43 IST" name="LaunchBrowser" finished-at="2025-03-25T17:23:46 IST" duration-ms="2902" status="PASS">
          <params>
            <param index="0">
              <value>
                <![CDATA[https://thinking-tester-contact-list.herokuapp.com/]]>
              </value>
            </param>
            <param index="1">
              <value>
                <![CDATA[Chrome]]>
              </value>
            </param>
          </params>
          <reporter-output>
          </reporter-output>
        </test-method> <!-- LaunchBrowser -->
        <test-method signature="Contact(java.lang.String,java.lang.String,java.lang.String,java.lang.String,java.lang.String,java.lang.String,java.lang.String,java.lang.String,java.lang.String,java.lang.String,java.lang.String,java.lang.String,java.lang.String)[pri:0, instance:test.TC_003ContactListTest@77f1baf5]" started-at="2025-03-25T17:23:46 IST" name="Contact" data-provider="readdata" finished-at="2025-03-25T17:23:51 IST" duration-ms="4890" status="PASS">
          <params>
            <param index="0">
              <value>
                <![CDATA[mithra]]>
              </value>
            </param>
            <param index="1">
              <value>
                <![CDATA[angles]]>
              </value>
            </param>
            <param index="2">
              <value>
                <![CDATA[2003-04-21]]>
              </value>
            </param>
            <param index="3">
              <value>
                <![CDATA[mithr2@kmail.com]]>
              </value>
            </param>
            <param index="4">
              <value>
                <![CDATA[4657688]]>
              </value>
            </param>
            <param index="5">
              <value>
                <![CDATA[hebbal]]>
              </value>
            </param>
            <param index="6">
              <value>
                <![CDATA[2nd stage]]>
              </value>
            </param>
            <param index="7">
              <value>
                <![CDATA[bangalore]]>
              </value>
            </param>
            <param index="8">
              <value>
                <![CDATA[karnataka]]>
              </value>
            </param>
            <param index="9">
              <value>
                <![CDATA[54546]]>
              </value>
            </param>
            <param index="10">
              <value>
                <![CDATA[india]]>
              </value>
            </param>
            <param index="11">
              <value>
                <![CDATA[positive]]>
              </value>
            </param>
            <param index="12">
              <value>
                <![CDATA[Click on any contact to view the Contact Details]]>
              </value>
            </param>
          </params>
          <reporter-output>
          </reporter-output>
        </test-method> <!-- Contact -->
        <test-method is-config="true" signature="LaunchBrowser(java.lang.String,java.lang.String)[pri:0, instance:test.TC_003ContactListTest@77f1baf5]" started-at="2025-03-25T17:23:51 IST" name="LaunchBrowser" finished-at="2025-03-25T17:23:54 IST" duration-ms="3138" status="PASS">
          <params>
            <param index="0">
              <value>
                <![CDATA[https://thinking-tester-contact-list.herokuapp.com/]]>
              </value>
            </param>
            <param index="1">
              <value>
                <![CDATA[Chrome]]>
              </value>
            </param>
          </params>
          <reporter-output>
          </reporter-output>
        </test-method> <!-- LaunchBrowser -->
        <test-method signature="Contact(java.lang.String,java.lang.String,java.lang.String,java.lang.String,java.lang.String,java.lang.String,java.lang.String,java.lang.String,java.lang.String,java.lang.String,java.lang.String,java.lang.String,java.lang.String)[pri:0, instance:test.TC_003ContactListTest@77f1baf5]" started-at="2025-03-25T17:23:54 IST" name="Contact" data-provider="readdata" finished-at="2025-03-25T17:23:58 IST" duration-ms="3929" status="PASS">
          <params>
            <param index="0">
              <value>
                <![CDATA[rekha]]>
              </value>
            </param>
            <param index="1">
              <value>
                <![CDATA[siva]]>
              </value>
            </param>
            <param index="2">
              <value>
                <![CDATA[]]>
              </value>
            </param>
            <param index="3">
              <value>
                <![CDATA[]]>
              </value>
            </param>
            <param index="4">
              <value>
                <![CDATA[]]>
              </value>
            </param>
            <param index="5">
              <value>
                <![CDATA[]]>
              </value>
            </param>
            <param index="6">
              <value>
                <![CDATA[]]>
              </value>
            </param>
            <param index="7">
              <value>
                <![CDATA[]]>
              </value>
            </param>
            <param index="8">
              <value>
                <![CDATA[]]>
              </value>
            </param>
            <param index="9">
              <value>
                <![CDATA[]]>
              </value>
            </param>
            <param index="10">
              <value>
                <![CDATA[]]>
              </value>
            </param>
            <param index="11">
              <value>
                <![CDATA[positive]]>
              </value>
            </param>
            <param index="12">
              <value>
                <![CDATA[Click on any contact to view the Contact Details]]>
              </value>
            </param>
          </params>
          <reporter-output>
          </reporter-output>
        </test-method> <!-- Contact -->
        <test-method is-config="true" signature="LaunchBrowser(java.lang.String,java.lang.String)[pri:0, instance:test.TC_003ContactListTest@77f1baf5]" started-at="2025-03-25T17:23:58 IST" name="LaunchBrowser" finished-at="2025-03-25T17:24:01 IST" duration-ms="2811" status="PASS">
          <params>
            <param index="0">
              <value>
                <![CDATA[https://thinking-tester-contact-list.herokuapp.com/]]>
              </value>
            </param>
            <param index="1">
              <value>
                <![CDATA[Chrome]]>
              </value>
            </param>
          </params>
          <reporter-output>
          </reporter-output>
        </test-method> <!-- LaunchBrowser -->
        <test-method signature="Contact(java.lang.String,java.lang.String,java.lang.String,java.lang.String,java.lang.String,java.lang.String,java.lang.String,java.lang.String,java.lang.String,java.lang.String,java.lang.String,java.lang.String,java.lang.String)[pri:0, instance:test.TC_003ContactListTest@77f1baf5]" started-at="2025-03-25T17:24:01 IST" name="Contact" data-provider="readdata" finished-at="2025-03-25T17:24:05 IST" duration-ms="4408" status="PASS">
          <params>
            <param index="0">
              <value>
                <![CDATA[joe]]>
              </value>
            </param>
            <param index="1">
              <value>
                <![CDATA[las]]>
              </value>
            </param>
            <param index="2">
              <value>
                <![CDATA[1998-08]]>
              </value>
            </param>
            <param index="3">
              <value>
                <![CDATA[]]>
              </value>
            </param>
            <param index="4">
              <value>
                <![CDATA[]]>
              </value>
            </param>
            <param index="5">
              <value>
                <![CDATA[]]>
              </value>
            </param>
            <param index="6">
              <value>
                <![CDATA[]]>
              </value>
            </param>
            <param index="7">
              <value>
                <![CDATA[]]>
              </value>
            </param>
            <param index="8">
              <value>
                <![CDATA[]]>
              </value>
            </param>
            <param index="9">
              <value>
                <![CDATA[]]>
              </value>
            </param>
            <param index="10">
              <value>
                <![CDATA[]]>
              </value>
            </param>
            <param index="11">
              <value>
                <![CDATA[negative]]>
              </value>
            </param>
            <param index="12">
              <value>
                <![CDATA[Contact validation failed: birthdate: Birthdate is invalid]]>
              </value>
            </param>
          </params>
          <reporter-output>
          </reporter-output>
        </test-method> <!-- Contact -->
        <test-method is-config="true" signature="LaunchBrowser(java.lang.String,java.lang.String)[pri:0, instance:test.TC_003ContactListTest@77f1baf5]" started-at="2025-03-25T17:24:05 IST" name="LaunchBrowser" finished-at="2025-03-25T17:24:08 IST" duration-ms="2961" status="PASS">
          <params>
            <param index="0">
              <value>
                <![CDATA[https://thinking-tester-contact-list.herokuapp.com/]]>
              </value>
            </param>
            <param index="1">
              <value>
                <![CDATA[Chrome]]>
              </value>
            </param>
          </params>
          <reporter-output>
          </reporter-output>
        </test-method> <!-- LaunchBrowser -->
        <test-method signature="Contact(java.lang.String,java.lang.String,java.lang.String,java.lang.String,java.lang.String,java.lang.String,java.lang.String,java.lang.String,java.lang.String,java.lang.String,java.lang.String,java.lang.String,java.lang.String)[pri:0, instance:test.TC_003ContactListTest@77f1baf5]" started-at="2025-03-25T17:24:08 IST" name="Contact" data-provider="readdata" finished-at="2025-03-25T17:24:13 IST" duration-ms="4368" status="PASS">
          <params>
            <param index="0">
              <value>
                <![CDATA[keshav]]>
              </value>
            </param>
            <param index="1">
              <value>
                <![CDATA[]]>
              </value>
            </param>
            <param index="2">
              <value>
                <![CDATA[]]>
              </value>
            </param>
            <param index="3">
              <value>
                <![CDATA[]]>
              </value>
            </param>
            <param index="4">
              <value>
                <![CDATA[]]>
              </value>
            </param>
            <param index="5">
              <value>
                <![CDATA[]]>
              </value>
            </param>
            <param index="6">
              <value>
                <![CDATA[]]>
              </value>
            </param>
            <param index="7">
              <value>
                <![CDATA[]]>
              </value>
            </param>
            <param index="8">
              <value>
                <![CDATA[]]>
              </value>
            </param>
            <param index="9">
              <value>
                <![CDATA[]]>
              </value>
            </param>
            <param index="10">
              <value>
                <![CDATA[]]>
              </value>
            </param>
            <param index="11">
              <value>
                <![CDATA[negative]]>
              </value>
            </param>
            <param index="12">
              <value>
                <![CDATA[Contact validation failed: lastName: Path `lastName` is required.]]>
              </value>
            </param>
          </params>
          <reporter-output>
          </reporter-output>
        </test-method> <!-- Contact -->
        <test-method is-config="true" signature="LaunchBrowser(java.lang.String,java.lang.String)[pri:0, instance:test.TC_003ContactListTest@77f1baf5]" started-at="2025-03-25T17:24:13 IST" name="LaunchBrowser" finished-at="2025-03-25T17:24:16 IST" duration-ms="3096" status="PASS">
          <params>
            <param index="0">
              <value>
                <![CDATA[https://thinking-tester-contact-list.herokuapp.com/]]>
              </value>
            </param>
            <param index="1">
              <value>
                <![CDATA[Chrome]]>
              </value>
            </param>
          </params>
          <reporter-output>
          </reporter-output>
        </test-method> <!-- LaunchBrowser -->
        <test-method signature="Contact(java.lang.String,java.lang.String,java.lang.String,java.lang.String,java.lang.String,java.lang.String,java.lang.String,java.lang.String,java.lang.String,java.lang.String,java.lang.String,java.lang.String,java.lang.String)[pri:0, instance:test.TC_003ContactListTest@77f1baf5]" started-at="2025-03-25T17:24:16 IST" name="Contact" data-provider="readdata" finished-at="2025-03-25T17:24:20 IST" duration-ms="4494" status="PASS">
          <params>
            <param index="0">
              <value>
                <![CDATA[jhon]]>
              </value>
            </param>
            <param index="1">
              <value>
                <![CDATA[joe]]>
              </value>
            </param>
            <param index="2">
              <value>
                <![CDATA[]]>
              </value>
            </param>
            <param index="3">
              <value>
                <![CDATA[jhon@kmail]]>
              </value>
            </param>
            <param index="4">
              <value>
                <![CDATA[]]>
              </value>
            </param>
            <param index="5">
              <value>
                <![CDATA[]]>
              </value>
            </param>
            <param index="6">
              <value>
                <![CDATA[]]>
              </value>
            </param>
            <param index="7">
              <value>
                <![CDATA[]]>
              </value>
            </param>
            <param index="8">
              <value>
                <![CDATA[]]>
              </value>
            </param>
            <param index="9">
              <value>
                <![CDATA[]]>
              </value>
            </param>
            <param index="10">
              <value>
                <![CDATA[]]>
              </value>
            </param>
            <param index="11">
              <value>
                <![CDATA[negative]]>
              </value>
            </param>
            <param index="12">
              <value>
                <![CDATA[Contact validation failed: email: Email is invalid]]>
              </value>
            </param>
          </params>
          <reporter-output>
          </reporter-output>
        </test-method> <!-- Contact -->
        <test-method is-config="true" signature="LaunchBrowser(java.lang.String,java.lang.String)[pri:0, instance:test.TC_003ContactListTest@77f1baf5]" started-at="2025-03-25T17:24:21 IST" name="LaunchBrowser" finished-at="2025-03-25T17:24:25 IST" duration-ms="3959" status="PASS">
          <params>
            <param index="0">
              <value>
                <![CDATA[https://thinking-tester-contact-list.herokuapp.com/]]>
              </value>
            </param>
            <param index="1">
              <value>
                <![CDATA[Chrome]]>
              </value>
            </param>
          </params>
          <reporter-output>
          </reporter-output>
        </test-method> <!-- LaunchBrowser -->
        <test-method signature="Contact(java.lang.String,java.lang.String,java.lang.String,java.lang.String,java.lang.String,java.lang.String,java.lang.String,java.lang.String,java.lang.String,java.lang.String,java.lang.String,java.lang.String,java.lang.String)[pri:0, instance:test.TC_003ContactListTest@77f1baf5]" started-at="2025-03-25T17:24:25 IST" name="Contact" data-provider="readdata" finished-at="2025-03-25T17:24:29 IST" duration-ms="4606" status="PASS">
          <params>
            <param index="0">
              <value>
                <![CDATA[hetwik]]>
              </value>
            </param>
            <param index="1">
              <value>
                <![CDATA[nesuru]]>
              </value>
            </param>
            <param index="2">
              <value>
                <![CDATA[]]>
              </value>
            </param>
            <param index="3">
              <value>
                <![CDATA[hetwik@kmai.com]]>
              </value>
            </param>
            <param index="4">
              <value>
                <![CDATA[854]]>
              </value>
            </param>
            <param index="5">
              <value>
                <![CDATA[]]>
              </value>
            </param>
            <param index="6">
              <value>
                <![CDATA[]]>
              </value>
            </param>
            <param index="7">
              <value>
                <![CDATA[]]>
              </value>
            </param>
            <param index="8">
              <value>
                <![CDATA[]]>
              </value>
            </param>
            <param index="9">
              <value>
                <![CDATA[]]>
              </value>
            </param>
            <param index="10">
              <value>
                <![CDATA[]]>
              </value>
            </param>
            <param index="11">
              <value>
                <![CDATA[negative]]>
              </value>
            </param>
            <param index="12">
              <value>
                <![CDATA[Contact validation failed: phone: Phone number is invalid]]>
              </value>
            </param>
          </params>
          <reporter-output>
          </reporter-output>
        </test-method> <!-- Contact -->
        <test-method is-config="true" signature="LaunchBrowser(java.lang.String,java.lang.String)[pri:0, instance:test.TC_003ContactListTest@77f1baf5]" started-at="2025-03-25T17:24:29 IST" name="LaunchBrowser" finished-at="2025-03-25T17:24:32 IST" duration-ms="3209" status="PASS">
          <params>
            <param index="0">
              <value>
                <![CDATA[https://thinking-tester-contact-list.herokuapp.com/]]>
              </value>
            </param>
            <param index="1">
              <value>
                <![CDATA[Chrome]]>
              </value>
            </param>
          </params>
          <reporter-output>
          </reporter-output>
        </test-method> <!-- LaunchBrowser -->
        <test-method signature="Contact(java.lang.String,java.lang.String,java.lang.String,java.lang.String,java.lang.String,java.lang.String,java.lang.String,java.lang.String,java.lang.String,java.lang.String,java.lang.String,java.lang.String,java.lang.String)[pri:0, instance:test.TC_003ContactListTest@77f1baf5]" started-at="2025-03-25T17:24:32 IST" name="Contact" data-provider="readdata" finished-at="2025-03-25T17:24:36 IST" duration-ms="4021" status="PASS">
          <params>
            <param index="0">
              <value>
                <![CDATA[vaibhav]]>
              </value>
            </param>
            <param index="1">
              <value>
                <![CDATA[sankar]]>
              </value>
            </param>
            <param index="2">
              <value>
                <![CDATA[]]>
              </value>
            </param>
            <param index="3">
              <value>
                <![CDATA[]]>
              </value>
            </param>
            <param index="4">
              <value>
                <![CDATA[]]>
              </value>
            </param>
            <param index="5">
              <value>
                <![CDATA[]]>
              </value>
            </param>
            <param index="6">
              <value>
                <![CDATA[]]>
              </value>
            </param>
            <param index="7">
              <value>
                <![CDATA[]]>
              </value>
            </param>
            <param index="8">
              <value>
                <![CDATA[]]>
              </value>
            </param>
            <param index="9">
              <value>
                <![CDATA[ds432]]>
              </value>
            </param>
            <param index="10">
              <value>
                <![CDATA[]]>
              </value>
            </param>
            <param index="11">
              <value>
                <![CDATA[negative]]>
              </value>
            </param>
            <param index="12">
              <value>
                <![CDATA[Contact validation failed: postalCode: Postal code is invalid]]>
              </value>
            </param>
          </params>
          <reporter-output>
          </reporter-output>
        </test-method> <!-- Contact -->
        <test-method is-config="true" signature="LaunchBrowser(java.lang.String,java.lang.String)[pri:0, instance:test.TC_003ContactListTest@77f1baf5]" started-at="2025-03-25T17:24:37 IST" name="LaunchBrowser" finished-at="2025-03-25T17:24:40 IST" duration-ms="3130" status="PASS">
          <params>
            <param index="0">
              <value>
                <![CDATA[https://thinking-tester-contact-list.herokuapp.com/]]>
              </value>
            </param>
            <param index="1">
              <value>
                <![CDATA[Chrome]]>
              </value>
            </param>
          </params>
          <reporter-output>
          </reporter-output>
        </test-method> <!-- LaunchBrowser -->
        <test-method signature="Contact(java.lang.String,java.lang.String,java.lang.String,java.lang.String,java.lang.String,java.lang.String,java.lang.String,java.lang.String,java.lang.String,java.lang.String,java.lang.String,java.lang.String,java.lang.String)[pri:0, instance:test.TC_003ContactListTest@77f1baf5]" started-at="2025-03-25T17:24:40 IST" name="Contact" data-provider="readdata" finished-at="2025-03-25T17:24:45 IST" duration-ms="5395" status="PASS">
          <params>
            <param index="0">
              <value>
                <![CDATA[shiv]]>
              </value>
            </param>
            <param index="1">
              <value>
                <![CDATA[charan]]>
              </value>
            </param>
            <param index="2">
              <value>
                <![CDATA[]]>
              </value>
            </param>
            <param index="3">
              <value>
                <![CDATA[shiv@kmai.com]]>
              </value>
            </param>
            <param index="4">
              <value>
                <![CDATA[91876543]]>
              </value>
            </param>
            <param index="5">
              <value>
                <![CDATA[]]>
              </value>
            </param>
            <param index="6">
              <value>
                <![CDATA[]]>
              </value>
            </param>
            <param index="7">
              <value>
                <![CDATA[]]>
              </value>
            </param>
            <param index="8">
              <value>
                <![CDATA[]]>
              </value>
            </param>
            <param index="9">
              <value>
                <![CDATA[]]>
              </value>
            </param>
            <param index="10">
              <value>
                <![CDATA[]]>
              </value>
            </param>
            <param index="11">
              <value>
                <![CDATA[positive]]>
              </value>
            </param>
            <param index="12">
              <value>
                <![CDATA[Click on any contact to view the Contact Details]]>
              </value>
            </param>
          </params>
          <reporter-output>
          </reporter-output>
        </test-method> <!-- Contact -->
        <test-method is-config="true" signature="LaunchBrowser(java.lang.String,java.lang.String)[pri:0, instance:test.TC_003ContactListTest@77f1baf5]" started-at="2025-03-25T17:24:45 IST" name="LaunchBrowser" finished-at="2025-03-25T17:24:48 IST" duration-ms="2913" status="PASS">
          <params>
            <param index="0">
              <value>
                <![CDATA[https://thinking-tester-contact-list.herokuapp.com/]]>
              </value>
            </param>
            <param index="1">
              <value>
                <![CDATA[Chrome]]>
              </value>
            </param>
          </params>
          <reporter-output>
          </reporter-output>
        </test-method> <!-- LaunchBrowser -->
        <test-method signature="Contact(java.lang.String,java.lang.String,java.lang.String,java.lang.String,java.lang.String,java.lang.String,java.lang.String,java.lang.String,java.lang.String,java.lang.String,java.lang.String,java.lang.String,java.lang.String)[pri:0, instance:test.TC_003ContactListTest@77f1baf5]" started-at="2025-03-25T17:24:48 IST" name="Contact" data-provider="readdata" finished-at="2025-03-25T17:24:52 IST" duration-ms="4132" status="PASS">
          <params>
            <param index="0">
              <value>
                <![CDATA[shiva]]>
              </value>
            </param>
            <param index="1">
              <value>
                <![CDATA[charan]]>
              </value>
            </param>
            <param index="2">
              <value>
                <![CDATA[]]>
              </value>
            </param>
            <param index="3">
              <value>
                <![CDATA[shiv@kmail.com]]>
              </value>
            </param>
            <param index="4">
              <value>
                <![CDATA[91876543]]>
              </value>
            </param>
            <param index="5">
              <value>
                <![CDATA[]]>
              </value>
            </param>
            <param index="6">
              <value>
                <![CDATA[]]>
              </value>
            </param>
            <param index="7">
              <value>
                <![CDATA[]]>
              </value>
            </param>
            <param index="8">
              <value>
                <![CDATA[]]>
              </value>
            </param>
            <param index="9">
              <value>
                <![CDATA[]]>
              </value>
            </param>
            <param index="10">
              <value>
                <![CDATA[]]>
              </value>
            </param>
            <param index="11">
              <value>
                <![CDATA[positive]]>
              </value>
            </param>
            <param index="12">
              <value>
                <![CDATA[Click on any contact to view the Contact Details]]>
              </value>
            </param>
          </params>
          <reporter-output>
          </reporter-output>
        </test-method> <!-- Contact -->
        <test-method is-config="true" signature="LaunchBrowser(java.lang.String,java.lang.String)[pri:0, instance:test.TC_003ContactListTest@77f1baf5]" started-at="2025-03-25T17:24:52 IST" name="LaunchBrowser" finished-at="2025-03-25T17:24:55 IST" duration-ms="2859" status="PASS">
          <params>
            <param index="0">
              <value>
                <![CDATA[https://thinking-tester-contact-list.herokuapp.com/]]>
              </value>
            </param>
            <param index="1">
              <value>
                <![CDATA[Chrome]]>
              </value>
            </param>
          </params>
          <reporter-output>
          </reporter-output>
        </test-method> <!-- LaunchBrowser -->
        <test-method signature="Contact(java.lang.String,java.lang.String,java.lang.String,java.lang.String,java.lang.String,java.lang.String,java.lang.String,java.lang.String,java.lang.String,java.lang.String,java.lang.String,java.lang.String,java.lang.String)[pri:0, instance:test.TC_003ContactListTest@77f1baf5]" started-at="2025-03-25T17:24:55 IST" name="Contact" data-provider="readdata" finished-at="2025-03-25T17:24:59 IST" duration-ms="3437" status="PASS">
          <params>
            <param index="0">
              <value>
                <![CDATA[]]>
              </value>
            </param>
            <param index="1">
              <value>
                <![CDATA[kumar]]>
              </value>
            </param>
            <param index="2">
              <value>
                <![CDATA[]]>
              </value>
            </param>
            <param index="3">
              <value>
                <![CDATA[]]>
              </value>
            </param>
            <param index="4">
              <value>
                <![CDATA[]]>
              </value>
            </param>
            <param index="5">
              <value>
                <![CDATA[]]>
              </value>
            </param>
            <param index="6">
              <value>
                <![CDATA[]]>
              </value>
            </param>
            <param index="7">
              <value>
                <![CDATA[]]>
              </value>
            </param>
            <param index="8">
              <value>
                <![CDATA[]]>
              </value>
            </param>
            <param index="9">
              <value>
                <![CDATA[]]>
              </value>
            </param>
            <param index="10">
              <value>
                <![CDATA[]]>
              </value>
            </param>
            <param index="11">
              <value>
                <![CDATA[negative]]>
              </value>
            </param>
            <param index="12">
              <value>
                <![CDATA[Contact validation failed: firstName: Path `firstName` is required.]]>
              </value>
            </param>
          </params>
          <reporter-output>
          </reporter-output>
        </test-method> <!-- Contact -->
        <test-method is-config="true" signature="LaunchBrowser(java.lang.String,java.lang.String)[pri:0, instance:test.TC_003ContactListTest@77f1baf5]" started-at="2025-03-25T17:24:59 IST" name="LaunchBrowser" finished-at="2025-03-25T17:25:02 IST" duration-ms="2871" status="PASS">
          <params>
            <param index="0">
              <value>
                <![CDATA[https://thinking-tester-contact-list.herokuapp.com/]]>
              </value>
            </param>
            <param index="1">
              <value>
                <![CDATA[Chrome]]>
              </value>
            </param>
          </params>
          <reporter-output>
          </reporter-output>
        </test-method> <!-- LaunchBrowser -->
        <test-method signature="Contact(java.lang.String,java.lang.String,java.lang.String,java.lang.String,java.lang.String,java.lang.String,java.lang.String,java.lang.String,java.lang.String,java.lang.String,java.lang.String,java.lang.String,java.lang.String)[pri:0, instance:test.TC_003ContactListTest@77f1baf5]" started-at="2025-03-25T17:25:02 IST" name="Contact" data-provider="readdata" finished-at="2025-03-25T17:25:06 IST" duration-ms="4328" status="PASS">
          <params>
            <param index="0">
              <value>
                <![CDATA[]]>
              </value>
            </param>
            <param index="1">
              <value>
                <![CDATA[]]>
              </value>
            </param>
            <param index="2">
              <value>
                <![CDATA[]]>
              </value>
            </param>
            <param index="3">
              <value>
                <![CDATA[]]>
              </value>
            </param>
            <param index="4">
              <value>
                <![CDATA[]]>
              </value>
            </param>
            <param index="5">
              <value>
                <![CDATA[]]>
              </value>
            </param>
            <param index="6">
              <value>
                <![CDATA[]]>
              </value>
            </param>
            <param index="7">
              <value>
                <![CDATA[]]>
              </value>
            </param>
            <param index="8">
              <value>
                <![CDATA[]]>
              </value>
            </param>
            <param index="9">
              <value>
                <![CDATA[]]>
              </value>
            </param>
            <param index="10">
              <value>
                <![CDATA[]]>
              </value>
            </param>
            <param index="11">
              <value>
                <![CDATA[negative]]>
              </value>
            </param>
            <param index="12">
              <value>
                <![CDATA[Contact validation failed: firstName: Path `firstName` is required., lastName: Path `lastName` is required.]]>
              </value>
            </param>
          </params>
          <reporter-output>
          </reporter-output>
        </test-method> <!-- Contact -->
      </class> <!-- test.TC_003ContactListTest -->
      <class name="test.TC_007Logout">
        <test-method is-config="true" signature="setup()[pri:0, instance:test.TC_007Logout@131ef10]" started-at="2025-03-25T17:23:13 IST" name="setup" finished-at="2025-03-25T17:23:13 IST" duration-ms="0" status="PASS">
          <reporter-output>
          </reporter-output>
        </test-method> <!-- setup -->
        <test-method is-config="true" signature="testDetails()[pri:0, instance:test.TC_007Logout@131ef10]" started-at="2025-03-25T17:26:36 IST" name="testDetails" finished-at="2025-03-25T17:26:36 IST" duration-ms="0" status="PASS">
          <reporter-output>
          </reporter-output>
        </test-method> <!-- testDetails -->
        <test-method is-config="true" signature="LaunchBrowser(java.lang.String,java.lang.String)[pri:0, instance:test.TC_007Logout@131ef10]" started-at="2025-03-25T17:26:36 IST" name="LaunchBrowser" finished-at="2025-03-25T17:26:40 IST" duration-ms="3576" status="PASS">
          <params>
            <param index="0">
              <value>
                <![CDATA[https://thinking-tester-contact-list.herokuapp.com/]]>
              </value>
            </param>
            <param index="1">
              <value>
                <![CDATA[Chrome]]>
              </value>
            </param>
          </params>
          <reporter-output>
          </reporter-output>
        </test-method> <!-- LaunchBrowser -->
        <test-method signature="logoutfunction()[pri:0, instance:test.TC_007Logout@131ef10]" started-at="2025-03-25T17:26:40 IST" name="logoutfunction" finished-at="2025-03-25T17:26:42 IST" duration-ms="2025" status="PASS">
          <reporter-output>
          </reporter-output>
        </test-method> <!-- logoutfunction -->
      </class> <!-- test.TC_007Logout -->
      <class name="test.TC_001SignUp">
        <test-method is-config="true" signature="reportIniatialization()[pri:0, instance:test.TC_001SignUp@4c178a76]" started-at="2025-03-25T17:23:13 IST" name="reportIniatialization" finished-at="2025-03-25T17:23:13 IST" duration-ms="242" status="PASS">
          <reporter-output>
          </reporter-output>
        </test-method> <!-- reportIniatialization -->
        <test-method is-config="true" signature="setpath()[pri:0, instance:test.TC_001SignUp@4c178a76]" started-at="2025-03-25T17:23:13 IST" name="setpath" finished-at="2025-03-25T17:23:13 IST" duration-ms="2" status="PASS">
          <reporter-output>
          </reporter-output>
        </test-method> <!-- setpath -->
        <test-method is-config="true" signature="testDetails()[pri:0, instance:test.TC_001SignUp@4c178a76]" started-at="2025-03-25T17:23:13 IST" name="testDetails" finished-at="2025-03-25T17:23:13 IST" duration-ms="5" status="PASS">
          <reporter-output>
          </reporter-output>
        </test-method> <!-- testDetails -->
        <test-method is-config="true" signature="LaunchBrowser(java.lang.String,java.lang.String)[pri:0, instance:test.TC_001SignUp@4c178a76]" started-at="2025-03-25T17:23:13 IST" name="LaunchBrowser" finished-at="2025-03-25T17:23:18 IST" duration-ms="4529" status="PASS">
          <params>
            <param index="0">
              <value>
                <![CDATA[https://thinking-tester-contact-list.herokuapp.com/]]>
              </value>
            </param>
            <param index="1">
              <value>
                <![CDATA[Chrome]]>
              </value>
            </param>
          </params>
          <reporter-output>
          </reporter-output>
        </test-method> <!-- LaunchBrowser -->
        <test-method signature="invalidemailsignupTest()[pri:0, instance:test.TC_001SignUp@4c178a76]" started-at="2025-03-25T17:23:18 IST" name="invalidemailsignupTest" finished-at="2025-03-25T17:23:19 IST" duration-ms="946" status="FAIL">
          <exception class="java.lang.IllegalArgumentException">
            <message>
              <![CDATA[Keys to send should be a not null CharSequence]]>
            </message>
            <full-stacktrace>
              <![CDATA[java.lang.IllegalArgumentException: Keys to send should be a not null CharSequence
at org.openqa.selenium.remote.RemoteWebElement.sendKeys(RemoteWebElement.java:96)
at java.base/jdk.internal.reflect.DirectMethodHandleAccessor.invoke(DirectMethodHandleAccessor.java:103)
at java.base/java.lang.reflect.Method.invoke(Method.java:580)
at org.openqa.selenium.support.pagefactory.internal.LocatingElementHandler.invoke(LocatingElementHandler.java:51)
at jdk.proxy2/jdk.proxy2.$Proxy19.sendKeys(Unknown Source)
at page.SignUp.enterFirstName(SignUp.java:33)
at test.TC_001SignUp.invalidemailsignupTest(TC_001SignUp.java:42)
at java.base/jdk.internal.reflect.DirectMethodHandleAccessor.invoke(DirectMethodHandleAccessor.java:103)
at java.base/java.lang.reflect.Method.invoke(Method.java:580)
at org.testng.internal.invokers.MethodInvocationHelper.invokeMethod(MethodInvocationHelper.java:139)
at org.testng.internal.invokers.TestInvoker.invokeMethod(TestInvoker.java:664)
at org.testng.internal.invokers.TestInvoker.invokeTestMethod(TestInvoker.java:227)
at org.testng.internal.invokers.MethodRunner.runInSequence(MethodRunner.java:50)
at org.testng.internal.invokers.TestInvoker$MethodInvocationAgent.invoke(TestInvoker.java:957)
at org.testng.internal.invokers.TestInvoker.invokeTestMethods(TestInvoker.java:200)
at org.testng.internal.invokers.TestMethodWorker.invokeTestMethods(TestMethodWorker.java:148)
at org.testng.internal.invokers.TestMethodWorker.run(TestMethodWorker.java:128)
at java.base/java.util.ArrayList.forEach(ArrayList.java:1596)
at org.testng.TestRunner.privateRun(TestRunner.java:848)
at org.testng.TestRunner.run(TestRunner.java:621)
at org.testng.SuiteRunner.runTest(SuiteRunner.java:443)
at org.testng.SuiteRunner.runSequentially(SuiteRunner.java:437)
at org.testng.SuiteRunner.privateRun(SuiteRunner.java:397)
at org.testng.SuiteRunner.run(SuiteRunner.java:336)
at org.testng.SuiteRunnerWorker.runSuite(SuiteRunnerWorker.java:52)
at org.testng.SuiteRunnerWorker.run(SuiteRunnerWorker.java:95)
at org.testng.TestNG.runSuitesSequentially(TestNG.java:1280)
at org.testng.TestNG.runSuitesLocally(TestNG.java:1200)
at org.testng.TestNG.runSuites(TestNG.java:1114)
at org.testng.TestNG.run(TestNG.java:1082)
at org.testng.remote.AbstractRemoteTestNG.run(AbstractRemoteTestNG.java:115)
at org.testng.remote.RemoteTestNG.initAndRun(RemoteTestNG.java:293)
at org.testng.remote.RemoteTestNG.main(RemoteTestNG.java:91)
]]>
            </full-stacktrace>
          </exception> <!-- java.lang.IllegalArgumentException -->
          <reporter-output>
          </reporter-output>
        </test-method> <!-- invalidemailsignupTest -->
        <test-method is-config="true" signature="LaunchBrowser(java.lang.String,java.lang.String)[pri:0, instance:test.TC_001SignUp@4c178a76]" started-at="2025-03-25T17:23:19 IST" name="LaunchBrowser" finished-at="2025-03-25T17:23:22 IST" duration-ms="3039" status="PASS">
          <params>
            <param index="0">
              <value>
                <![CDATA[https://thinking-tester-contact-list.herokuapp.com/]]>
              </value>
            </param>
            <param index="1">
              <value>
                <![CDATA[Chrome]]>
              </value>
            </param>
          </params>
          <reporter-output>
          </reporter-output>
        </test-method> <!-- LaunchBrowser -->
        <test-method signature="signupTest()[pri:0, instance:test.TC_001SignUp@4c178a76]" started-at="2025-03-25T17:23:22 IST" name="signupTest" finished-at="2025-03-25T17:23:23 IST" duration-ms="1553" status="PASS">
          <reporter-output>
          </reporter-output>
        </test-method> <!-- signupTest -->
        <test-method is-config="true" signature="reportClose()[pri:0, instance:test.TC_001SignUp@4c178a76]" started-at="2025-03-25T17:26:42 IST" name="reportClose" finished-at="2025-03-25T17:26:43 IST" duration-ms="782" status="PASS">
          <reporter-output>
          </reporter-output>
        </test-method> <!-- reportClose -->
      </class> <!-- test.TC_001SignUp -->
      <class name="test.TC_004AScendingName">
        <test-method is-config="true" signature="setup()[pri:0, instance:test.TC_004AScendingName@41a2befb]" started-at="2025-03-25T17:23:13 IST" name="setup" finished-at="2025-03-25T17:23:13 IST" duration-ms="0" status="PASS">
          <reporter-output>
          </reporter-output>
        </test-method> <!-- setup -->
        <test-method is-config="true" signature="testDetails()[pri:0, instance:test.TC_004AScendingName@41a2befb]" started-at="2025-03-25T17:25:06 IST" name="testDetails" finished-at="2025-03-25T17:25:06 IST" duration-ms="2" status="PASS">
          <reporter-output>
          </reporter-output>
        </test-method> <!-- testDetails -->
        <test-method is-config="true" signature="LaunchBrowser(java.lang.String,java.lang.String)[pri:0, instance:test.TC_004AScendingName@41a2befb]" started-at="2025-03-25T17:25:06 IST" name="LaunchBrowser" finished-at="2025-03-25T17:25:09 IST" duration-ms="2981" status="PASS">
          <params>
            <param index="0">
              <value>
                <![CDATA[https://thinking-tester-contact-list.herokuapp.com/]]>
              </value>
            </param>
            <param index="1">
              <value>
                <![CDATA[Chrome]]>
              </value>
            </param>
          </params>
          <reporter-output>
          </reporter-output>
        </test-method> <!-- LaunchBrowser -->
        <test-method signature="Contact(java.lang.String,java.lang.String,java.lang.String,java.lang.String,java.lang.String,java.lang.String,java.lang.String,java.lang.String,java.lang.String,java.lang.String,java.lang.String)[pri:0, instance:test.TC_004AScendingName@41a2befb]" started-at="2025-03-25T17:25:09 IST" name="Contact" data-provider="readdata" finished-at="2025-03-25T17:25:15 IST" duration-ms="5131" status="PASS">
          <params>
            <param index="0">
              <value>
                <![CDATA[mithra]]>
              </value>
            </param>
            <param index="1">
              <value>
                <![CDATA[angles]]>
              </value>
            </param>
            <param index="2">
              <value>
                <![CDATA[]]>
              </value>
            </param>
            <param index="3">
              <value>
                <![CDATA[mithra@kmail.com]]>
              </value>
            </param>
            <param index="4">
              <value>
                <![CDATA[4354657]]>
              </value>
            </param>
            <param index="5">
              <value>
                <![CDATA[hebbal]]>
              </value>
            </param>
            <param index="6">
              <value>
                <![CDATA[surya bakery]]>
              </value>
            </param>
            <param index="7">
              <value>
                <![CDATA[mysore]]>
              </value>
            </param>
            <param index="8">
              <value>
                <![CDATA[karnatak]]>
              </value>
            </param>
            <param index="9">
              <value>
                <![CDATA[46577]]>
              </value>
            </param>
            <param index="10">
              <value>
                <![CDATA[india]]>
              </value>
            </param>
          </params>
          <reporter-output>
          </reporter-output>
        </test-method> <!-- Contact -->
        <test-method is-config="true" signature="LaunchBrowser(java.lang.String,java.lang.String)[pri:0, instance:test.TC_004AScendingName@41a2befb]" started-at="2025-03-25T17:25:15 IST" name="LaunchBrowser" finished-at="2025-03-25T17:25:18 IST" duration-ms="3257" status="PASS">
          <params>
            <param index="0">
              <value>
                <![CDATA[https://thinking-tester-contact-list.herokuapp.com/]]>
              </value>
            </param>
            <param index="1">
              <value>
                <![CDATA[Chrome]]>
              </value>
            </param>
          </params>
          <reporter-output>
          </reporter-output>
        </test-method> <!-- LaunchBrowser -->
        <test-method signature="Contact(java.lang.String,java.lang.String,java.lang.String,java.lang.String,java.lang.String,java.lang.String,java.lang.String,java.lang.String,java.lang.String,java.lang.String,java.lang.String)[pri:0, instance:test.TC_004AScendingName@41a2befb]" started-at="2025-03-25T17:25:18 IST" name="Contact" data-provider="readdata" finished-at="2025-03-25T17:25:23 IST" duration-ms="5130" status="PASS">
          <params>
            <param index="0">
              <value>
                <![CDATA[rekha]]>
              </value>
            </param>
            <param index="1">
              <value>
                <![CDATA[siva]]>
              </value>
            </param>
            <param index="2">
              <value>
                <![CDATA[]]>
              </value>
            </param>
            <param index="3">
              <value>
                <![CDATA[]]>
              </value>
            </param>
            <param index="4">
              <value>
                <![CDATA[]]>
              </value>
            </param>
            <param index="5">
              <value>
                <![CDATA[]]>
              </value>
            </param>
            <param index="6">
              <value>
                <![CDATA[]]>
              </value>
            </param>
            <param index="7">
              <value>
                <![CDATA[]]>
              </value>
            </param>
            <param index="8">
              <value>
                <![CDATA[]]>
              </value>
            </param>
            <param index="9">
              <value>
                <![CDATA[]]>
              </value>
            </param>
            <param index="10">
              <value>
                <![CDATA[]]>
              </value>
            </param>
          </params>
          <reporter-output>
          </reporter-output>
        </test-method> <!-- Contact -->
        <test-method is-config="true" signature="LaunchBrowser(java.lang.String,java.lang.String)[pri:0, instance:test.TC_004AScendingName@41a2befb]" started-at="2025-03-25T17:25:23 IST" name="LaunchBrowser" finished-at="2025-03-25T17:25:26 IST" duration-ms="2990" status="PASS">
          <params>
            <param index="0">
              <value>
                <![CDATA[https://thinking-tester-contact-list.herokuapp.com/]]>
              </value>
            </param>
            <param index="1">
              <value>
                <![CDATA[Chrome]]>
              </value>
            </param>
          </params>
          <reporter-output>
          </reporter-output>
        </test-method> <!-- LaunchBrowser -->
        <test-method signature="Contact(java.lang.String,java.lang.String,java.lang.String,java.lang.String,java.lang.String,java.lang.String,java.lang.String,java.lang.String,java.lang.String,java.lang.String,java.lang.String)[pri:0, instance:test.TC_004AScendingName@41a2befb]" started-at="2025-03-25T17:25:26 IST" name="Contact" data-provider="readdata" finished-at="2025-03-25T17:25:31 IST" duration-ms="4898" status="PASS">
          <params>
            <param index="0">
              <value>
                <![CDATA[rud]]>
              </value>
            </param>
            <param index="1">
              <value>
                <![CDATA[ran]]>
              </value>
            </param>
            <param index="2">
              <value>
                <![CDATA[]]>
              </value>
            </param>
            <param index="3">
              <value>
                <![CDATA[]]>
              </value>
            </param>
            <param index="4">
              <value>
                <![CDATA[]]>
              </value>
            </param>
            <param index="5">
              <value>
                <![CDATA[]]>
              </value>
            </param>
            <param index="6">
              <value>
                <![CDATA[]]>
              </value>
            </param>
            <param index="7">
              <value>
                <![CDATA[]]>
              </value>
            </param>
            <param index="8">
              <value>
                <![CDATA[]]>
              </value>
            </param>
            <param index="9">
              <value>
                <![CDATA[]]>
              </value>
            </param>
            <param index="10">
              <value>
                <![CDATA[]]>
              </value>
            </param>
          </params>
          <reporter-output>
          </reporter-output>
        </test-method> <!-- Contact -->
        <test-method is-config="true" signature="LaunchBrowser(java.lang.String,java.lang.String)[pri:0, instance:test.TC_004AScendingName@41a2befb]" started-at="2025-03-25T17:25:31 IST" name="LaunchBrowser" finished-at="2025-03-25T17:25:34 IST" duration-ms="3161" status="PASS">
          <params>
            <param index="0">
              <value>
                <![CDATA[https://thinking-tester-contact-list.herokuapp.com/]]>
              </value>
            </param>
            <param index="1">
              <value>
                <![CDATA[Chrome]]>
              </value>
            </param>
          </params>
          <reporter-output>
          </reporter-output>
        </test-method> <!-- LaunchBrowser -->
        <test-method signature="Contact(java.lang.String,java.lang.String,java.lang.String,java.lang.String,java.lang.String,java.lang.String,java.lang.String,java.lang.String,java.lang.String,java.lang.String,java.lang.String)[pri:0, instance:test.TC_004AScendingName@41a2befb]" started-at="2025-03-25T17:25:34 IST" name="Contact" data-provider="readdata" finished-at="2025-03-25T17:25:42 IST" duration-ms="7823" status="PASS">
          <params>
            <param index="0">
              <value>
                <![CDATA[meena]]>
              </value>
            </param>
            <param index="1">
              <value>
                <![CDATA[madhu]]>
              </value>
            </param>
            <param index="2">
              <value>
                <![CDATA[]]>
              </value>
            </param>
            <param index="3">
              <value>
                <![CDATA[]]>
              </value>
            </param>
            <param index="4">
              <value>
                <![CDATA[2435456]]>
              </value>
            </param>
            <param index="5">
              <value>
                <![CDATA[]]>
              </value>
            </param>
            <param index="6">
              <value>
                <![CDATA[]]>
              </value>
            </param>
            <param index="7">
              <value>
                <![CDATA[]]>
              </value>
            </param>
            <param index="8">
              <value>
                <![CDATA[]]>
              </value>
            </param>
            <param index="9">
              <value>
                <![CDATA[]]>
              </value>
            </param>
            <param index="10">
              <value>
                <![CDATA[]]>
              </value>
            </param>
          </params>
          <reporter-output>
          </reporter-output>
        </test-method> <!-- Contact -->
        <test-method is-config="true" signature="LaunchBrowser(java.lang.String,java.lang.String)[pri:0, instance:test.TC_004AScendingName@41a2befb]" started-at="2025-03-25T17:25:42 IST" name="LaunchBrowser" finished-at="2025-03-25T17:25:46 IST" duration-ms="3228" status="PASS">
          <params>
            <param index="0">
              <value>
                <![CDATA[https://thinking-tester-contact-list.herokuapp.com/]]>
              </value>
            </param>
            <param index="1">
              <value>
                <![CDATA[Chrome]]>
              </value>
            </param>
          </params>
          <reporter-output>
          </reporter-output>
        </test-method> <!-- LaunchBrowser -->
        <test-method signature="Contact(java.lang.String,java.lang.String,java.lang.String,java.lang.String,java.lang.String,java.lang.String,java.lang.String,java.lang.String,java.lang.String,java.lang.String,java.lang.String)[pri:0, instance:test.TC_004AScendingName@41a2befb]" started-at="2025-03-25T17:25:46 IST" name="Contact" data-provider="readdata" finished-at="2025-03-25T17:25:51 IST" duration-ms="5747" status="PASS">
          <params>
            <param index="0">
              <value>
                <![CDATA[jeya]]>
              </value>
            </param>
            <param index="1">
              <value>
                <![CDATA[sri]]>
              </value>
            </param>
            <param index="2">
              <value>
                <![CDATA[]]>
              </value>
            </param>
            <param index="3">
              <value>
                <![CDATA[]]>
              </value>
            </param>
            <param index="4">
              <value>
                <![CDATA[]]>
              </value>
            </param>
            <param index="5">
              <value>
                <![CDATA[]]>
              </value>
            </param>
            <param index="6">
              <value>
                <![CDATA[]]>
              </value>
            </param>
            <param index="7">
              <value>
                <![CDATA[]]>
              </value>
            </param>
            <param index="8">
              <value>
                <![CDATA[]]>
              </value>
            </param>
            <param index="9">
              <value>
                <![CDATA[]]>
              </value>
            </param>
            <param index="10">
              <value>
                <![CDATA[]]>
              </value>
            </param>
          </params>
          <reporter-output>
          </reporter-output>
        </test-method> <!-- Contact -->
        <test-method is-config="true" signature="LaunchBrowser(java.lang.String,java.lang.String)[pri:0, instance:test.TC_004AScendingName@41a2befb]" started-at="2025-03-25T17:25:51 IST" name="LaunchBrowser" finished-at="2025-03-25T17:25:55 IST" duration-ms="3907" status="PASS">
          <params>
            <param index="0">
              <value>
                <![CDATA[https://thinking-tester-contact-list.herokuapp.com/]]>
              </value>
            </param>
            <param index="1">
              <value>
                <![CDATA[Chrome]]>
              </value>
            </param>
          </params>
          <reporter-output>
          </reporter-output>
        </test-method> <!-- LaunchBrowser -->
        <test-method signature="Contact(java.lang.String,java.lang.String,java.lang.String,java.lang.String,java.lang.String,java.lang.String,java.lang.String,java.lang.String,java.lang.String,java.lang.String,java.lang.String)[pri:0, instance:test.TC_004AScendingName@41a2befb]" started-at="2025-03-25T17:25:55 IST" name="Contact" data-provider="readdata" finished-at="2025-03-25T17:26:02 IST" duration-ms="6193" status="PASS">
          <params>
            <param index="0">
              <value>
                <![CDATA[muthu]]>
              </value>
            </param>
            <param index="1">
              <value>
                <![CDATA[kumar]]>
              </value>
            </param>
            <param index="2">
              <value>
                <![CDATA[]]>
              </value>
            </param>
            <param index="3">
              <value>
                <![CDATA[]]>
              </value>
            </param>
            <param index="4">
              <value>
                <![CDATA[]]>
              </value>
            </param>
            <param index="5">
              <value>
                <![CDATA[]]>
              </value>
            </param>
            <param index="6">
              <value>
                <![CDATA[]]>
              </value>
            </param>
            <param index="7">
              <value>
                <![CDATA[]]>
              </value>
            </param>
            <param index="8">
              <value>
                <![CDATA[]]>
              </value>
            </param>
            <param index="9">
              <value>
                <![CDATA[]]>
              </value>
            </param>
            <param index="10">
              <value>
                <![CDATA[]]>
              </value>
            </param>
          </params>
          <reporter-output>
          </reporter-output>
        </test-method> <!-- Contact -->
        <test-method is-config="true" signature="LaunchBrowser(java.lang.String,java.lang.String)[pri:0, instance:test.TC_004AScendingName@41a2befb]" started-at="2025-03-25T17:26:02 IST" name="LaunchBrowser" finished-at="2025-03-25T17:26:05 IST" duration-ms="3194" status="PASS">
          <params>
            <param index="0">
              <value>
                <![CDATA[https://thinking-tester-contact-list.herokuapp.com/]]>
              </value>
            </param>
            <param index="1">
              <value>
                <![CDATA[Chrome]]>
              </value>
            </param>
          </params>
          <reporter-output>
          </reporter-output>
        </test-method> <!-- LaunchBrowser -->
        <test-method signature="Contact(java.lang.String,java.lang.String,java.lang.String,java.lang.String,java.lang.String,java.lang.String,java.lang.String,java.lang.String,java.lang.String,java.lang.String,java.lang.String)[pri:0, instance:test.TC_004AScendingName@41a2befb]" started-at="2025-03-25T17:26:05 IST" name="Contact" data-provider="readdata" finished-at="2025-03-25T17:26:12 IST" duration-ms="6587" status="PASS">
          <params>
            <param index="0">
              <value>
                <![CDATA[muthu ]]>
              </value>
            </param>
            <param index="1">
              <value>
                <![CDATA[kumar]]>
              </value>
            </param>
            <param index="2">
              <value>
                <![CDATA[]]>
              </value>
            </param>
            <param index="3">
              <value>
                <![CDATA[]]>
              </value>
            </param>
            <param index="4">
              <value>
                <![CDATA[]]>
              </value>
            </param>
            <param index="5">
              <value>
                <![CDATA[]]>
              </value>
            </param>
            <param index="6">
              <value>
                <![CDATA[]]>
              </value>
            </param>
            <param index="7">
              <value>
                <![CDATA[]]>
              </value>
            </param>
            <param index="8">
              <value>
                <![CDATA[]]>
              </value>
            </param>
            <param index="9">
              <value>
                <![CDATA[]]>
              </value>
            </param>
            <param index="10">
              <value>
                <![CDATA[]]>
              </value>
            </param>
          </params>
          <reporter-output>
          </reporter-output>
        </test-method> <!-- Contact -->
      </class> <!-- test.TC_004AScendingName -->
      <class name="test.TC_002Login">
        <test-method is-config="true" signature="setup()[pri:0, instance:test.TC_002Login@7d20d0b]" started-at="2025-03-25T17:23:13 IST" name="setup" finished-at="2025-03-25T17:23:13 IST" duration-ms="0" status="PASS">
          <reporter-output>
          </reporter-output>
        </test-method> <!-- setup -->
        <test-method is-config="true" signature="testDetails()[pri:0, instance:test.TC_002Login@7d20d0b]" started-at="2025-03-25T17:23:24 IST" name="testDetails" finished-at="2025-03-25T17:23:24 IST" duration-ms="4" status="PASS">
          <reporter-output>
          </reporter-output>
        </test-method> <!-- testDetails -->
        <test-method is-config="true" signature="LaunchBrowser(java.lang.String,java.lang.String)[pri:0, instance:test.TC_002Login@7d20d0b]" started-at="2025-03-25T17:23:25 IST" name="LaunchBrowser" finished-at="2025-03-25T17:23:28 IST" duration-ms="3007" status="PASS">
          <params>
            <param index="0">
              <value>
                <![CDATA[https://thinking-tester-contact-list.herokuapp.com/]]>
              </value>
            </param>
            <param index="1">
              <value>
                <![CDATA[Chrome]]>
              </value>
            </param>
          </params>
          <reporter-output>
          </reporter-output>
        </test-method> <!-- LaunchBrowser -->
        <test-method signature="loginTest(java.lang.String,java.lang.String,java.lang.String,java.lang.String)[pri:0, instance:test.TC_002Login@7d20d0b]" started-at="2025-03-25T17:23:28 IST" name="loginTest" data-provider="readdata" finished-at="2025-03-25T17:23:30 IST" duration-ms="1275" status="PASS">
          <params>
            <param index="0">
              <value>
                <![CDATA[jeya123@kmail.com]]>
              </value>
            </param>
            <param index="1">
              <value>
                <![CDATA[jeya123]]>
              </value>
            </param>
            <param index="2">
              <value>
                <![CDATA[Valid email and valid password]]>
              </value>
            </param>
            <param index="3">
              <value>
                <![CDATA[Contact List]]>
              </value>
            </param>
          </params>
          <reporter-output>
          </reporter-output>
        </test-method> <!-- loginTest -->
        <test-method is-config="true" signature="LaunchBrowser(java.lang.String,java.lang.String)[pri:0, instance:test.TC_002Login@7d20d0b]" started-at="2025-03-25T17:23:30 IST" name="LaunchBrowser" finished-at="2025-03-25T17:23:34 IST" duration-ms="3682" status="PASS">
          <params>
            <param index="0">
              <value>
                <![CDATA[https://thinking-tester-contact-list.herokuapp.com/]]>
              </value>
            </param>
            <param index="1">
              <value>
                <![CDATA[Chrome]]>
              </value>
            </param>
          </params>
          <reporter-output>
          </reporter-output>
        </test-method> <!-- LaunchBrowser -->
        <test-method signature="loginTest(java.lang.String,java.lang.String,java.lang.String,java.lang.String)[pri:0, instance:test.TC_002Login@7d20d0b]" started-at="2025-03-25T17:23:34 IST" name="loginTest" data-provider="readdata" finished-at="2025-03-25T17:23:34 IST" duration-ms="947" status="PASS">
          <params>
            <param index="0">
              <value>
                <![CDATA[jeya123@kmail]]>
              </value>
            </param>
            <param index="1">
              <value>
                <![CDATA[jeya123]]>
              </value>
            </param>
            <param index="2">
              <value>
                <![CDATA[negative]]>
              </value>
            </param>
            <param index="3">
              <value>
                <![CDATA[Incorrect username or password]]>
              </value>
            </param>
          </params>
          <reporter-output>
          </reporter-output>
        </test-method> <!-- loginTest -->
        <test-method is-config="true" signature="LaunchBrowser(java.lang.String,java.lang.String)[pri:0, instance:test.TC_002Login@7d20d0b]" started-at="2025-03-25T17:23:35 IST" name="LaunchBrowser" finished-at="2025-03-25T17:23:38 IST" duration-ms="3124" status="PASS">
          <params>
            <param index="0">
              <value>
                <![CDATA[https://thinking-tester-contact-list.herokuapp.com/]]>
              </value>
            </param>
            <param index="1">
              <value>
                <![CDATA[Chrome]]>
              </value>
            </param>
          </params>
          <reporter-output>
          </reporter-output>
        </test-method> <!-- LaunchBrowser -->
        <test-method signature="loginTest(java.lang.String,java.lang.String,java.lang.String,java.lang.String)[pri:0, instance:test.TC_002Login@7d20d0b]" started-at="2025-03-25T17:23:38 IST" name="loginTest" data-provider="readdata" finished-at="2025-03-25T17:23:39 IST" duration-ms="899" status="PASS">
          <params>
            <param index="0">
              <value>
                <![CDATA[]]>
              </value>
            </param>
            <param index="1">
              <value>
                <![CDATA[]]>
              </value>
            </param>
            <param index="2">
              <value>
                <![CDATA[negative]]>
              </value>
            </param>
            <param index="3">
              <value>
                <![CDATA[Incorrect username or password]]>
              </value>
            </param>
          </params>
          <reporter-output>
          </reporter-output>
        </test-method> <!-- loginTest -->
        <test-method is-config="true" signature="LaunchBrowser(java.lang.String,java.lang.String)[pri:0, instance:test.TC_002Login@7d20d0b]" started-at="2025-03-25T17:23:39 IST" name="LaunchBrowser" finished-at="2025-03-25T17:23:42 IST" duration-ms="2841" status="PASS">
          <params>
            <param index="0">
              <value>
                <![CDATA[https://thinking-tester-contact-list.herokuapp.com/]]>
              </value>
            </param>
            <param index="1">
              <value>
                <![CDATA[Chrome]]>
              </value>
            </param>
          </params>
          <reporter-output>
          </reporter-output>
        </test-method> <!-- LaunchBrowser -->
        <test-method signature="loginTest(java.lang.String,java.lang.String,java.lang.String,java.lang.String)[pri:0, instance:test.TC_002Login@7d20d0b]" started-at="2025-03-25T17:23:42 IST" name="loginTest" data-provider="readdata" finished-at="2025-03-25T17:23:43 IST" duration-ms="928" status="PASS">
          <params>
            <param index="0">
              <value>
                <![CDATA[]]>
              </value>
            </param>
            <param index="1">
              <value>
                <![CDATA[jeya123]]>
              </value>
            </param>
            <param index="2">
              <value>
                <![CDATA[negative]]>
              </value>
            </param>
            <param index="3">
              <value>
                <![CDATA[Incorrect username or password]]>
              </value>
            </param>
          </params>
          <reporter-output>
          </reporter-output>
        </test-method> <!-- loginTest -->
      </class> <!-- test.TC_002Login -->
    </test> <!-- SmokeTest -->
  </suite> <!-- Suite -->
</testng-results>
